2023-08-02 16:54:59,856 INFO o.a.j.u.JMeterUtils: Setting Locale to zh_CN
2023-08-02 16:54:59,887 INFO o.a.j.JMeter: Loading user properties from: /usr/local/Cellar/jmeter/5.5/libexec/bin/user.properties
2023-08-02 16:54:59,888 INFO o.a.j.JMeter: Loading system properties from: /usr/local/Cellar/jmeter/5.5/libexec/bin/system.properties
2023-08-02 16:54:59,896 INFO o.a.j.JMeter: Copyright (c) 1998-2022 The Apache Software Foundation
2023-08-02 16:54:59,896 INFO o.a.j.JMeter: Version 5.5
2023-08-02 16:54:59,897 INFO o.a.j.JMeter: java.version=17.0.7
2023-08-02 16:54:59,897 INFO o.a.j.JMeter: java.vm.name=OpenJDK 64-Bit Server VM
2023-08-02 16:54:59,897 INFO o.a.j.JMeter: os.name=Mac OS X
2023-08-02 16:54:59,897 INFO o.a.j.JMeter: os.arch=x86_64
2023-08-02 16:54:59,897 INFO o.a.j.JMeter: os.version=13.1
2023-08-02 16:54:59,897 INFO o.a.j.JMeter: file.encoding=UTF-8
2023-08-02 16:54:59,897 INFO o.a.j.JMeter: java.awt.headless=null
2023-08-02 16:54:59,897 INFO o.a.j.JMeter: Max memory     =1073741824
2023-08-02 16:54:59,897 INFO o.a.j.JMeter: Available Processors =8
2023-08-02 16:54:59,907 INFO o.a.j.JMeter: Default Locale=English (EN)
2023-08-02 16:54:59,908 INFO o.a.j.JMeter: JMeter  Locale=Chinese (China)
2023-08-02 16:54:59,908 INFO o.a.j.JMeter: JMeterHome=/usr/local/Cellar/jmeter/5.5/libexec
2023-08-02 16:54:59,908 INFO o.a.j.JMeter: user.dir  =/Users/suminghui/IdeaProjects/TheOneTools
2023-08-02 16:54:59,908 INFO o.a.j.JMeter: PWD       =/Users/suminghui/IdeaProjects/TheOneTools
2023-08-02 16:54:59,918 INFO o.a.j.JMeter: IP: 10.10.10.130 Name: suminghuideMacBook-Pro.local FullName: 10.10.10.130
2023-08-02 16:54:59,933 INFO o.a.j.JMeter: Loaded icon properties from org/apache/jmeter/images/icon.properties
2023-08-02 16:55:00,471 INFO o.a.j.JMeterGuiLauncher: Setting LAF to: com.github.weisj.darklaf.DarkLaf:com.github.weisj.darklaf.theme.DarculaTheme
2023-08-02 16:55:02,502 INFO o.j.r.JARSourceHTTP: Requesting https://jmeter-plugins.org/repo/?installID=mac_os_x-ae6fd2ce2db6468f90ed3ed6c339a49c-gui
2023-08-02 16:55:04,630 INFO o.j.r.PluginManager: Plugins Status: [jpgc-graphs-basic=2.0, jpgc-casutg=2.10, jpgc-perfmon=2.1, jpgc-plugins-manager=1.9, jmeter-core=5.5, jmeter-ftp=5.5, jmeter-http=5.5, jmeter-jdbc=5.5, jmeter-jms=5.5, jmeter-junit=5.5, jmeter-java=5.5, jmeter-ldap=5.5, jmeter-mail=5.5, jmeter-mongodb=5.5, jmeter-native=5.5, jmeter-tcp=5.5, jmeter-components=5.5]
2023-08-02 17:04:16,198 INFO o.a.j.p.h.s.HTTPSamplerBase: Parser for text/html is org.apache.jmeter.protocol.http.parser.LagartoBasedHtmlParser
2023-08-02 17:04:16,199 INFO o.a.j.p.h.s.HTTPSamplerBase: Parser for application/xhtml+xml is org.apache.jmeter.protocol.http.parser.LagartoBasedHtmlParser
2023-08-02 17:04:16,199 INFO o.a.j.p.h.s.HTTPSamplerBase: Parser for application/xml is org.apache.jmeter.protocol.http.parser.LagartoBasedHtmlParser
2023-08-02 17:04:16,199 INFO o.a.j.p.h.s.HTTPSamplerBase: Parser for text/xml is org.apache.jmeter.protocol.http.parser.LagartoBasedHtmlParser
2023-08-02 17:04:16,199 INFO o.a.j.p.h.s.HTTPSamplerBase: Parser for text/vnd.wap.wml is org.apache.jmeter.protocol.http.parser.RegexpHTMLParser
2023-08-02 17:04:16,199 INFO o.a.j.p.h.s.HTTPSamplerBase: Parser for text/css is org.apache.jmeter.protocol.http.parser.CssParser
2023-08-02 17:06:06,274 INFO o.a.j.s.FileServer: Default base='/Users/suminghui/IdeaProjects/TheOneTools'
2023-08-02 17:06:06,275 INFO o.a.j.s.FileServer: Set new base='/Users/suminghui/Desktop'
2023-08-02 17:06:06,433 INFO o.a.j.s.SaveService: Testplan (JMX) version: 2.2. Testlog (JTL) version: 2.2
2023-08-02 17:06:06,439 INFO o.a.j.s.SaveService: Using SaveService properties version 5.0
2023-08-02 17:06:06,440 INFO o.a.j.s.SaveService: Using SaveService properties file encoding UTF-8
2023-08-02 17:06:37,734 INFO o.a.j.s.SampleResult: Note: Sample TimeStamps are START times
2023-08-02 17:06:37,735 INFO o.a.j.s.SampleResult: sampleresult.default.encoding is set to UTF-8
2023-08-02 17:06:37,735 INFO o.a.j.s.SampleResult: sampleresult.useNanoTime=true
2023-08-02 17:06:37,735 INFO o.a.j.s.SampleResult: sampleresult.nanoThreadSleep=5000
2023-08-02 17:06:37,887 INFO o.a.j.v.ViewResultsFullVisualizer: Add JavaFX to your Java installation if you want to use renderer: org.apache.jmeter.visualizers.RenderInBrowser
2023-08-02 17:06:54,843 INFO o.a.j.e.StandardJMeterEngine: Running the test!
2023-08-02 17:06:54,845 INFO o.a.j.s.SampleEvent: List of sample_variables: []
2023-08-02 17:06:54,845 INFO o.a.j.s.SampleEvent: List of sample_variables: []
2023-08-02 17:06:54,846 INFO o.a.j.e.u.CompoundVariable: Note: Function class names must contain the string: '.functions.'
2023-08-02 17:06:54,847 INFO o.a.j.e.u.CompoundVariable: Note: Function class names must not contain the string: '.gui.'
2023-08-02 17:06:54,893 INFO o.a.j.g.u.JMeterMenuBar: setRunning(true, *local*)
2023-08-02 17:06:54,941 INFO o.a.j.e.StandardJMeterEngine: Starting ThreadGroup: 1 : 线程组
2023-08-02 17:06:54,941 INFO o.a.j.e.StandardJMeterEngine: Starting 1 threads for group 线程组.
2023-08-02 17:06:54,941 INFO o.a.j.e.StandardJMeterEngine: Thread will continue on error
2023-08-02 17:06:54,942 INFO o.a.j.t.ThreadGroup: Starting thread group... number=1 threads=1 ramp-up=1 delayedStart=false
2023-08-02 17:06:54,944 INFO o.a.j.t.ThreadGroup: Started thread group number 1
2023-08-02 17:06:54,944 INFO o.a.j.e.StandardJMeterEngine: All thread groups have been started
2023-08-02 17:06:54,944 INFO o.a.j.t.JMeterThread: Thread started: 线程组 1-1
2023-08-02 17:06:54,953 INFO o.a.j.p.h.s.HTTPHCAbstractImpl: Local host = suminghuideMacBook-Pro.local
2023-08-02 17:06:54,960 INFO o.a.j.p.h.s.HTTPHC4Impl: HTTP request retry count = 0
2023-08-02 17:06:55,795 INFO o.a.j.t.JMeterThread: Thread is done: 线程组 1-1
2023-08-02 17:06:55,795 INFO o.a.j.t.JMeterThread: Thread finished: 线程组 1-1
2023-08-02 17:06:55,796 INFO o.a.j.e.StandardJMeterEngine: Notifying test listeners of end of test
2023-08-02 17:06:55,797 INFO o.a.j.g.u.JMeterMenuBar: setRunning(false, *local*)
2023-08-02 17:09:37,467 INFO o.a.j.e.StandardJMeterEngine: Running the test!
2023-08-02 17:09:37,467 INFO o.a.j.s.SampleEvent: List of sample_variables: []
2023-08-02 17:09:37,468 INFO o.a.j.g.u.JMeterMenuBar: setRunning(true, *local*)
2023-08-02 17:09:37,512 INFO o.a.j.e.StandardJMeterEngine: Starting ThreadGroup: 1 : 线程组
2023-08-02 17:09:37,512 INFO o.a.j.e.StandardJMeterEngine: Starting 1 threads for group 线程组.
2023-08-02 17:09:37,513 INFO o.a.j.e.StandardJMeterEngine: Thread will continue on error
2023-08-02 17:09:37,513 INFO o.a.j.t.ThreadGroup: Starting thread group... number=1 threads=1 ramp-up=1 delayedStart=false
2023-08-02 17:09:37,513 INFO o.a.j.t.ThreadGroup: Started thread group number 1
2023-08-02 17:09:37,513 INFO o.a.j.e.StandardJMeterEngine: All thread groups have been started
2023-08-02 17:09:37,514 INFO o.a.j.t.JMeterThread: Thread started: 线程组 1-1
2023-08-02 17:09:39,766 INFO o.a.j.t.JMeterThread: Thread is done: 线程组 1-1
2023-08-02 17:09:39,767 INFO o.a.j.t.JMeterThread: Thread finished: 线程组 1-1
2023-08-02 17:09:39,767 INFO o.a.j.e.StandardJMeterEngine: Notifying test listeners of end of test
2023-08-02 17:09:39,767 INFO o.a.j.g.u.JMeterMenuBar: setRunning(false, *local*)
2023-08-02 17:10:35,636 INFO o.a.j.e.StandardJMeterEngine: Running the test!
2023-08-02 17:10:35,637 INFO o.a.j.s.SampleEvent: List of sample_variables: []
2023-08-02 17:10:35,638 INFO o.a.j.g.u.JMeterMenuBar: setRunning(true, *local*)
2023-08-02 17:10:35,677 INFO o.a.j.e.StandardJMeterEngine: Starting ThreadGroup: 1 : 线程组
2023-08-02 17:10:35,677 INFO o.a.j.e.StandardJMeterEngine: Starting 1 threads for group 线程组.
2023-08-02 17:10:35,677 INFO o.a.j.e.StandardJMeterEngine: Thread will continue on error
2023-08-02 17:10:35,678 INFO o.a.j.t.ThreadGroup: Starting thread group... number=1 threads=1 ramp-up=1 delayedStart=false
2023-08-02 17:10:35,679 INFO o.a.j.t.ThreadGroup: Started thread group number 1
2023-08-02 17:10:35,679 INFO o.a.j.e.StandardJMeterEngine: All thread groups have been started
2023-08-02 17:10:35,679 INFO o.a.j.t.JMeterThread: Thread started: 线程组 1-1
2023-08-02 17:10:39,211 INFO o.a.j.t.JMeterThread: Thread is done: 线程组 1-1
2023-08-02 17:10:39,211 INFO o.a.j.t.JMeterThread: Thread finished: 线程组 1-1
2023-08-02 17:10:39,212 INFO o.a.j.e.StandardJMeterEngine: Notifying test listeners of end of test
2023-08-02 17:10:39,212 INFO o.a.j.g.u.JMeterMenuBar: setRunning(false, *local*)
2023-08-02 17:13:22,524 INFO o.a.j.e.StandardJMeterEngine: Running the test!
2023-08-02 17:13:22,524 INFO o.a.j.s.SampleEvent: List of sample_variables: []
2023-08-02 17:13:22,525 INFO o.a.j.g.u.JMeterMenuBar: setRunning(true, *local*)
2023-08-02 17:13:22,565 INFO o.a.j.e.StandardJMeterEngine: Starting ThreadGroup: 1 : 线程组
2023-08-02 17:13:22,565 INFO o.a.j.e.StandardJMeterEngine: Starting 2 threads for group 线程组.
2023-08-02 17:13:22,565 INFO o.a.j.e.StandardJMeterEngine: Thread will continue on error
2023-08-02 17:13:22,565 INFO o.a.j.t.ThreadGroup: Starting thread group... number=1 threads=2 ramp-up=1 delayedStart=false
2023-08-02 17:13:22,566 INFO o.a.j.t.ThreadGroup: Started thread group number 1
2023-08-02 17:13:22,566 INFO o.a.j.t.JMeterThread: Thread started: 线程组 1-1
2023-08-02 17:13:22,566 INFO o.a.j.e.StandardJMeterEngine: All thread groups have been started
2023-08-02 17:13:23,068 INFO o.a.j.t.JMeterThread: Thread started: 线程组 1-2
2023-08-02 17:13:24,169 INFO o.a.j.t.JMeterThread: Thread is done: 线程组 1-1
2023-08-02 17:13:24,169 INFO o.a.j.t.JMeterThread: Thread finished: 线程组 1-1
2023-08-02 17:13:24,530 INFO o.a.j.t.JMeterThread: Thread is done: 线程组 1-2
2023-08-02 17:13:24,531 INFO o.a.j.t.JMeterThread: Thread finished: 线程组 1-2
2023-08-02 17:13:24,531 INFO o.a.j.e.StandardJMeterEngine: Notifying test listeners of end of test
2023-08-02 17:13:24,532 INFO o.a.j.g.u.JMeterMenuBar: setRunning(false, *local*)
2023-08-02 17:15:10,079 INFO o.a.j.e.StandardJMeterEngine: Running the test!
2023-08-02 17:15:10,079 INFO o.a.j.s.SampleEvent: List of sample_variables: []
2023-08-02 17:15:10,080 INFO o.a.j.g.u.JMeterMenuBar: setRunning(true, *local*)
2023-08-02 17:15:10,131 INFO o.a.j.e.StandardJMeterEngine: Starting ThreadGroup: 1 : 线程组
2023-08-02 17:15:10,132 INFO o.a.j.e.StandardJMeterEngine: Starting 2 threads for group 线程组.
2023-08-02 17:15:10,132 INFO o.a.j.e.StandardJMeterEngine: Thread will continue on error
2023-08-02 17:15:10,132 INFO o.a.j.t.ThreadGroup: Starting thread group... number=1 threads=2 ramp-up=1 delayedStart=false
2023-08-02 17:15:10,133 INFO o.a.j.t.ThreadGroup: Started thread group number 1
2023-08-02 17:15:10,133 INFO o.a.j.t.JMeterThread: Thread started: 线程组 1-1
2023-08-02 17:15:10,133 INFO o.a.j.e.StandardJMeterEngine: All thread groups have been started
2023-08-02 17:15:10,632 INFO o.a.j.t.JMeterThread: Thread started: 线程组 1-2
2023-08-02 17:15:11,720 INFO o.a.j.t.JMeterThread: Thread is done: 线程组 1-1
2023-08-02 17:15:11,720 INFO o.a.j.t.JMeterThread: Thread finished: 线程组 1-1
2023-08-02 17:15:12,074 INFO o.a.j.t.JMeterThread: Thread is done: 线程组 1-2
2023-08-02 17:15:12,074 INFO o.a.j.t.JMeterThread: Thread finished: 线程组 1-2
2023-08-02 17:15:12,075 INFO o.a.j.e.StandardJMeterEngine: Notifying test listeners of end of test
2023-08-02 17:15:12,075 INFO o.a.j.g.u.JMeterMenuBar: setRunning(false, *local*)
2023-08-02 17:20:52,023 INFO o.a.j.e.StandardJMeterEngine: Running the test!
2023-08-02 17:20:52,023 INFO o.a.j.s.SampleEvent: List of sample_variables: []
2023-08-02 17:20:52,024 INFO o.a.j.g.u.JMeterMenuBar: setRunning(true, *local*)
2023-08-02 17:20:52,070 INFO o.a.j.e.StandardJMeterEngine: Starting ThreadGroup: 1 : 线程组
2023-08-02 17:20:52,070 INFO o.a.j.e.StandardJMeterEngine: Starting 6 threads for group 线程组.
2023-08-02 17:20:52,070 INFO o.a.j.e.StandardJMeterEngine: Thread will continue on error
2023-08-02 17:20:52,070 INFO o.a.j.t.ThreadGroup: Starting thread group... number=1 threads=6 ramp-up=1 delayedStart=false
2023-08-02 17:20:52,071 INFO o.a.j.t.JMeterThread: Thread started: 线程组 1-1
2023-08-02 17:20:52,072 INFO o.a.j.t.ThreadGroup: Started thread group number 1
2023-08-02 17:20:52,072 INFO o.a.j.e.StandardJMeterEngine: All thread groups have been started
2023-08-02 17:20:52,242 INFO o.a.j.t.JMeterThread: Thread started: 线程组 1-2
2023-08-02 17:20:52,406 INFO o.a.j.t.JMeterThread: Thread started: 线程组 1-3
2023-08-02 17:20:52,577 INFO o.a.j.t.JMeterThread: Thread started: 线程组 1-4
2023-08-02 17:20:52,743 INFO o.a.j.t.JMeterThread: Thread started: 线程组 1-5
2023-08-02 17:20:52,910 INFO o.a.j.t.JMeterThread: Thread started: 线程组 1-6
2023-08-02 17:20:53,782 INFO o.a.j.t.JMeterThread: Thread is done: 线程组 1-1
2023-08-02 17:20:53,782 INFO o.a.j.t.JMeterThread: Thread finished: 线程组 1-1
2023-08-02 17:20:53,916 INFO o.a.j.t.JMeterThread: Thread is done: 线程组 1-3
2023-08-02 17:20:53,916 INFO o.a.j.t.JMeterThread: Thread finished: 线程组 1-3
2023-08-02 17:20:54,053 INFO o.a.j.t.JMeterThread: Thread is done: 线程组 1-2
2023-08-02 17:20:54,053 INFO o.a.j.t.JMeterThread: Thread finished: 线程组 1-2
2023-08-02 17:20:54,243 INFO o.a.j.t.JMeterThread: Thread is done: 线程组 1-5
2023-08-02 17:20:54,243 INFO o.a.j.t.JMeterThread: Thread finished: 线程组 1-5
2023-08-02 17:20:54,372 INFO o.a.j.t.JMeterThread: Thread is done: 线程组 1-4
2023-08-02 17:20:54,372 INFO o.a.j.t.JMeterThread: Thread finished: 线程组 1-4
2023-08-02 17:20:54,459 INFO o.a.j.t.JMeterThread: Thread is done: 线程组 1-6
2023-08-02 17:20:54,459 INFO o.a.j.t.JMeterThread: Thread finished: 线程组 1-6
2023-08-02 17:20:54,460 INFO o.a.j.e.StandardJMeterEngine: Notifying test listeners of end of test
2023-08-02 17:20:54,460 INFO o.a.j.g.u.JMeterMenuBar: setRunning(false, *local*)
2023-08-02 17:25:35,492 INFO o.a.j.e.StandardJMeterEngine: Running the test!
2023-08-02 17:25:35,493 INFO o.a.j.s.SampleEvent: List of sample_variables: []
2023-08-02 17:25:35,493 INFO o.a.j.g.u.JMeterMenuBar: setRunning(true, *local*)
2023-08-02 17:25:35,533 INFO o.a.j.e.StandardJMeterEngine: Starting ThreadGroup: 1 : 线程组
2023-08-02 17:25:35,534 INFO o.a.j.e.StandardJMeterEngine: Starting 1 threads for group 线程组.
2023-08-02 17:25:35,534 INFO o.a.j.e.StandardJMeterEngine: Thread will continue on error
2023-08-02 17:25:35,534 INFO o.a.j.t.ThreadGroup: Starting thread group... number=1 threads=1 ramp-up=1 delayedStart=false
2023-08-02 17:25:35,534 INFO o.a.j.t.ThreadGroup: Started thread group number 1
2023-08-02 17:25:35,535 INFO o.a.j.e.StandardJMeterEngine: All thread groups have been started
2023-08-02 17:25:35,535 INFO o.a.j.t.JMeterThread: Thread started: 线程组 1-1
2023-08-02 17:25:36,611 INFO o.a.j.t.JMeterThread: Stopping because end time detected by thread: 线程组 1-1
2023-08-02 17:25:36,611 INFO o.a.j.t.JMeterThread: Thread finished: 线程组 1-1
2023-08-02 17:25:36,612 INFO o.a.j.e.StandardJMeterEngine: Notifying test listeners of end of test
2023-08-02 17:25:36,612 INFO o.a.j.g.u.JMeterMenuBar: setRunning(false, *local*)
2023-08-02 17:26:21,952 INFO o.a.j.e.StandardJMeterEngine: Running the test!
2023-08-02 17:26:21,952 INFO o.a.j.s.SampleEvent: List of sample_variables: []
2023-08-02 17:26:21,953 INFO o.a.j.g.u.JMeterMenuBar: setRunning(true, *local*)
2023-08-02 17:26:21,997 INFO o.a.j.e.StandardJMeterEngine: Starting ThreadGroup: 1 : 线程组
2023-08-02 17:26:21,998 INFO o.a.j.e.StandardJMeterEngine: Starting 1 threads for group 线程组.
2023-08-02 17:26:21,998 INFO o.a.j.e.StandardJMeterEngine: Thread will continue on error
2023-08-02 17:26:21,998 INFO o.a.j.t.ThreadGroup: Starting thread group... number=1 threads=1 ramp-up=1 delayedStart=false
2023-08-02 17:26:21,998 INFO o.a.j.t.ThreadGroup: Started thread group number 1
2023-08-02 17:26:21,999 INFO o.a.j.e.StandardJMeterEngine: All thread groups have been started
2023-08-02 17:26:21,999 INFO o.a.j.t.JMeterThread: Thread started: 线程组 1-1
2023-08-02 17:26:25,043 INFO o.a.j.t.JMeterThread: Stopping because end time detected by thread: 线程组 1-1
2023-08-02 17:26:25,043 INFO o.a.j.t.JMeterThread: Thread finished: 线程组 1-1
2023-08-02 17:26:25,044 INFO o.a.j.e.StandardJMeterEngine: Notifying test listeners of end of test
2023-08-02 17:26:25,044 INFO o.a.j.g.u.JMeterMenuBar: setRunning(false, *local*)
2023-08-02 17:29:07,485 INFO o.a.j.e.StandardJMeterEngine: Running the test!
2023-08-02 17:29:07,486 INFO o.a.j.s.SampleEvent: List of sample_variables: []
2023-08-02 17:29:07,486 INFO o.a.j.g.u.JMeterMenuBar: setRunning(true, *local*)
2023-08-02 17:29:07,531 INFO o.a.j.e.StandardJMeterEngine: Starting ThreadGroup: 1 : 线程组
2023-08-02 17:29:07,531 INFO o.a.j.e.StandardJMeterEngine: Starting 1 threads for group 线程组.
2023-08-02 17:29:07,531 INFO o.a.j.e.StandardJMeterEngine: Thread will continue on error
2023-08-02 17:29:07,531 INFO o.a.j.t.ThreadGroup: Starting thread group... number=1 threads=1 ramp-up=1 delayedStart=false
2023-08-02 17:29:07,532 INFO o.a.j.t.ThreadGroup: Started thread group number 1
2023-08-02 17:29:07,532 INFO o.a.j.e.StandardJMeterEngine: All thread groups have been started
2023-08-02 17:29:07,532 INFO o.a.j.t.JMeterThread: Thread started: 线程组 1-1
2023-08-02 17:29:17,549 INFO o.a.j.t.JMeterThread: Stopping because end time detected by thread: 线程组 1-1
2023-08-02 17:29:17,549 INFO o.a.j.t.JMeterThread: Thread finished: 线程组 1-1
2023-08-02 17:29:17,549 INFO o.a.j.e.StandardJMeterEngine: Notifying test listeners of end of test
2023-08-02 17:29:17,550 INFO o.a.j.g.u.JMeterMenuBar: setRunning(false, *local*)
2023-08-02 18:04:43,822 INFO o.a.j.e.StandardJMeterEngine: Running the test!
2023-08-02 18:04:43,823 INFO o.a.j.s.SampleEvent: List of sample_variables: []
2023-08-02 18:04:43,824 INFO o.a.j.g.u.JMeterMenuBar: setRunning(true, *local*)
2023-08-02 18:04:43,864 INFO o.a.j.e.StandardJMeterEngine: Starting ThreadGroup: 1 : 线程组
2023-08-02 18:04:43,864 INFO o.a.j.e.StandardJMeterEngine: Starting 2 threads for group 线程组.
2023-08-02 18:04:43,865 INFO o.a.j.e.StandardJMeterEngine: Thread will continue on error
2023-08-02 18:04:43,865 INFO o.a.j.t.ThreadGroup: Starting thread group... number=1 threads=2 ramp-up=1 delayedStart=false
2023-08-02 18:04:43,866 INFO o.a.j.t.JMeterThread: Thread started: 线程组 1-1
2023-08-02 18:04:43,866 INFO o.a.j.t.ThreadGroup: Started thread group number 1
2023-08-02 18:04:43,867 INFO o.a.j.e.StandardJMeterEngine: All thread groups have been started
2023-08-02 18:04:44,371 INFO o.a.j.t.JMeterThread: Thread started: 线程组 1-2
2023-08-02 18:04:46,992 INFO o.a.j.t.JMeterThread: Stopping because end time detected by thread: 线程组 1-2
2023-08-02 18:04:46,992 INFO o.a.j.t.JMeterThread: Thread finished: 线程组 1-2
2023-08-02 18:04:47,000 INFO o.a.j.t.JMeterThread: Stopping because end time detected by thread: 线程组 1-1
2023-08-02 18:04:47,000 INFO o.a.j.t.JMeterThread: Thread finished: 线程组 1-1
2023-08-02 18:04:47,000 INFO o.a.j.e.StandardJMeterEngine: Notifying test listeners of end of test
2023-08-02 18:04:47,000 INFO o.a.j.g.u.JMeterMenuBar: setRunning(false, *local*)
